<?xml version="1.0" encoding="UTF-8"?>
<!-- Generated by org.testng.reporters.JUnitReportReporter -->
<testsuite skipped="0" hostname="Qcentris150" name="appiumPackage.AppiumTest" tests="1" failures="0" timestamp="2021-04-21T17:03:13 EET" time="0.007" errors="0">
  <testcase name="test" time="0.007" classname="appiumPackage.AppiumTest"/>
  <system-out/>
</testsuite> <!-- appiumPackage.AppiumTest -->
